  hw1.cpp
C:\Users\imr84\OneDrive\Desktop\csci420\hw2-starterCode\hw2-starterCode\hw1.cpp(291,20): warning C4018: '<': signed/unsigned mismatch
C:\Users\imr84\OneDrive\Desktop\csci420\hw2-starterCode\hw2-starterCode\hw1.cpp(590,65): warning C4838: conversion from 'double' to 'float' requires a narrowing conversion
C:\Users\imr84\OneDrive\Desktop\csci420\hw2-starterCode\hw2-starterCode\hw1.cpp(590,65): warning C4244: 'initializing': conversion from 'double' to 'float', possible loss of data
C:\Users\imr84\OneDrive\Desktop\csci420\hw2-starterCode\hw2-starterCode\hw1.cpp(590,93): warning C4838: conversion from 'double' to 'float' requires a narrowing conversion
C:\Users\imr84\OneDrive\Desktop\csci420\hw2-starterCode\hw2-starterCode\hw1.cpp(590,93): warning C4244: 'initializing': conversion from 'double' to 'float', possible loss of data
C:\Users\imr84\OneDrive\Desktop\csci420\hw2-starterCode\hw2-starterCode\hw1.cpp(590,121): warning C4838: conversion from 'double' to 'float' requires a narrowing conversion
C:\Users\imr84\OneDrive\Desktop\csci420\hw2-starterCode\hw2-starterCode\hw1.cpp(590,121): warning C4244: 'initializing': conversion from 'double' to 'float', possible loss of data
C:\Users\imr84\OneDrive\Desktop\csci420\hw2-starterCode\hw2-starterCode\hw1.cpp(591,61): warning C4838: conversion from 'double' to 'float' requires a narrowing conversion
C:\Users\imr84\OneDrive\Desktop\csci420\hw2-starterCode\hw2-starterCode\hw1.cpp(591,61): warning C4244: 'initializing': conversion from 'double' to 'float', possible loss of data
C:\Users\imr84\OneDrive\Desktop\csci420\hw2-starterCode\hw2-starterCode\hw1.cpp(591,85): warning C4838: conversion from 'double' to 'float' requires a narrowing conversion
C:\Users\imr84\OneDrive\Desktop\csci420\hw2-starterCode\hw2-starterCode\hw1.cpp(591,85): warning C4244: 'initializing': conversion from 'double' to 'float', possible loss of data
C:\Users\imr84\OneDrive\Desktop\csci420\hw2-starterCode\hw2-starterCode\hw1.cpp(591,109): warning C4838: conversion from 'double' to 'float' requires a narrowing conversion
C:\Users\imr84\OneDrive\Desktop\csci420\hw2-starterCode\hw2-starterCode\hw1.cpp(591,109): warning C4244: 'initializing': conversion from 'double' to 'float', possible loss of data
C:\Users\imr84\OneDrive\Desktop\csci420\hw2-starterCode\hw2-starterCode\hw1.cpp(592,65): warning C4838: conversion from 'double' to 'float' requires a narrowing conversion
C:\Users\imr84\OneDrive\Desktop\csci420\hw2-starterCode\hw2-starterCode\hw1.cpp(592,65): warning C4244: 'initializing': conversion from 'double' to 'float', possible loss of data
C:\Users\imr84\OneDrive\Desktop\csci420\hw2-starterCode\hw2-starterCode\hw1.cpp(592,93): warning C4838: conversion from 'double' to 'float' requires a narrowing conversion
C:\Users\imr84\OneDrive\Desktop\csci420\hw2-starterCode\hw2-starterCode\hw1.cpp(592,93): warning C4244: 'initializing': conversion from 'double' to 'float', possible loss of data
C:\Users\imr84\OneDrive\Desktop\csci420\hw2-starterCode\hw2-starterCode\hw1.cpp(592,121): warning C4838: conversion from 'double' to 'float' requires a narrowing conversion
C:\Users\imr84\OneDrive\Desktop\csci420\hw2-starterCode\hw2-starterCode\hw1.cpp(592,121): warning C4244: 'initializing': conversion from 'double' to 'float', possible loss of data
C:\Users\imr84\OneDrive\Desktop\csci420\hw2-starterCode\hw2-starterCode\hw1.cpp(593,65): warning C4838: conversion from 'double' to 'float' requires a narrowing conversion
C:\Users\imr84\OneDrive\Desktop\csci420\hw2-starterCode\hw2-starterCode\hw1.cpp(593,65): warning C4244: 'initializing': conversion from 'double' to 'float', possible loss of data
C:\Users\imr84\OneDrive\Desktop\csci420\hw2-starterCode\hw2-starterCode\hw1.cpp(593,93): warning C4838: conversion from 'double' to 'float' requires a narrowing conversion
C:\Users\imr84\OneDrive\Desktop\csci420\hw2-starterCode\hw2-starterCode\hw1.cpp(593,93): warning C4244: 'initializing': conversion from 'double' to 'float', possible loss of data
C:\Users\imr84\OneDrive\Desktop\csci420\hw2-starterCode\hw2-starterCode\hw1.cpp(593,121): warning C4838: conversion from 'double' to 'float' requires a narrowing conversion
C:\Users\imr84\OneDrive\Desktop\csci420\hw2-starterCode\hw2-starterCode\hw1.cpp(593,121): warning C4244: 'initializing': conversion from 'double' to 'float', possible loss of data
C:\Users\imr84\OneDrive\Desktop\csci420\hw2-starterCode\hw2-starterCode\hw1.cpp(595,53): warning C4305: '+=': truncation from 'double' to 'float'
C:\Users\imr84\OneDrive\Desktop\csci420\hw2-starterCode\hw2-starterCode\hw1.cpp(597,43): warning C4838: conversion from 'double' to 'float' requires a narrowing conversion
C:\Users\imr84\OneDrive\Desktop\csci420\hw2-starterCode\hw2-starterCode\hw1.cpp(597,43): warning C4244: 'initializing': conversion from 'double' to 'float', possible loss of data
C:\Users\imr84\OneDrive\Desktop\csci420\hw2-starterCode\hw2-starterCode\hw1.cpp(597,54): warning C4838: conversion from 'double' to 'float' requires a narrowing conversion
C:\Users\imr84\OneDrive\Desktop\csci420\hw2-starterCode\hw2-starterCode\hw1.cpp(597,54): warning C4244: 'initializing': conversion from 'double' to 'float', possible loss of data
C:\Users\imr84\OneDrive\Desktop\csci420\hw2-starterCode\hw2-starterCode\hw1.cpp(611,46): warning C4838: conversion from 'double' to 'float' requires a narrowing conversion
C:\Users\imr84\OneDrive\Desktop\csci420\hw2-starterCode\hw2-starterCode\hw1.cpp(611,46): warning C4244: 'initializing': conversion from 'double' to 'float', possible loss of data
C:\Users\imr84\OneDrive\Desktop\csci420\hw2-starterCode\hw2-starterCode\hw1.cpp(637,23): warning C4018: '<': signed/unsigned mismatch
C:\Users\imr84\OneDrive\Desktop\csci420\hw2-starterCode\hw2-starterCode\hw1.cpp(653,23): warning C4018: '<': signed/unsigned mismatch
  jpeg.lib(jerror.obj) : MSIL .netmodule or module compiled with /GL found; restarting link with /LTCG; add /LTCG to the link command line to improve linker performance
LINK : warning LNK4075: ignoring '/INCREMENTAL' due to '/LTCG' specification
LINK : warning LNK4098: defaultlib 'MSVCRT' conflicts with use of other libs; use /NODEFAULTLIB:library
  Generating code
  Finished generating code
  hw1.vcxproj -> C:\Users\imr84\OneDrive\Desktop\csci420\hw2-starterCode\hw2-starterCode\Bin\Debug\hw1.exe
